[debug] [2024-01-16T14:37:32.011Z] ----------------------------------------------------------------------
[debug] [2024-01-16T14:37:32.015Z] Command:       C:\Program Files\nodejs\node.exe C:\Users\jjaek\AppData\Roaming\npm\node_modules\firebase-tools\lib\bin\firebase.js deploy --only hosting --project mi-tango-365
[debug] [2024-01-16T14:37:32.015Z] CLI Version:   13.0.2
[debug] [2024-01-16T14:37:32.016Z] Platform:      win32
[debug] [2024-01-16T14:37:32.016Z] Node Version:  v20.10.0
[debug] [2024-01-16T14:37:32.016Z] Time:          Tue Jan 16 2024 23:37:32 GMT+0900 (대한민국 표준시)
[debug] [2024-01-16T14:37:32.016Z] ----------------------------------------------------------------------
[debug] 
[debug] [2024-01-16T14:37:32.109Z] > command requires scopes: ["email","openid","https://www.googleapis.com/auth/cloudplatformprojects.readonly","https://www.googleapis.com/auth/firebase","https://www.googleapis.com/auth/cloud-platform"]
[debug] [2024-01-16T14:37:32.109Z] > authorizing via signed-in user (jjaekong@gmail.com)
[debug] [2024-01-16T14:37:32.110Z] [iam] checking project mi-tango-365 for permissions ["firebase.projects.get","firebasehosting.sites.update"]
[debug] [2024-01-16T14:37:32.112Z] >>> [apiv2][query] POST https://cloudresourcemanager.googleapis.com/v1/projects/mi-tango-365:testIamPermissions [none]
[debug] [2024-01-16T14:37:32.112Z] >>> [apiv2][(partial)header] POST https://cloudresourcemanager.googleapis.com/v1/projects/mi-tango-365:testIamPermissions x-goog-quota-user=projects/mi-tango-365
[debug] [2024-01-16T14:37:32.112Z] >>> [apiv2][body] POST https://cloudresourcemanager.googleapis.com/v1/projects/mi-tango-365:testIamPermissions {"permissions":["firebase.projects.get","firebasehosting.sites.update"]}
[debug] [2024-01-16T14:37:32.972Z] <<< [apiv2][status] POST https://cloudresourcemanager.googleapis.com/v1/projects/mi-tango-365:testIamPermissions 200
[debug] [2024-01-16T14:37:32.972Z] <<< [apiv2][body] POST https://cloudresourcemanager.googleapis.com/v1/projects/mi-tango-365:testIamPermissions {"permissions":["firebase.projects.get","firebasehosting.sites.update"]}
[debug] [2024-01-16T14:37:32.973Z] >>> [apiv2][query] GET https://firebase.googleapis.com/v1beta1/projects/mi-tango-365 [none]
[debug] [2024-01-16T14:37:33.423Z] <<< [apiv2][status] GET https://firebase.googleapis.com/v1beta1/projects/mi-tango-365 200
[debug] [2024-01-16T14:37:33.423Z] <<< [apiv2][body] GET https://firebase.googleapis.com/v1beta1/projects/mi-tango-365 {"projectId":"mi-tango-365","projectNumber":"956666689230","displayName":"Mi Tango","name":"projects/mi-tango-365","resources":{"hostingSite":"mi-tango-365","realtimeDatabaseInstance":"mi-tango-365-default-rtdb","storageBucket":"mi-tango-365.appspot.com","locationId":"us-central"},"state":"ACTIVE","etag":"1_27c3afbd-f6ca-4113-b03d-5690b71da6b6"}
[info] 
[info] === Deploying to 'mi-tango-365'...
[info] 
[info] i  deploying hosting 
[debug] [2024-01-16T14:37:33.430Z] >>> [apiv2][query] POST https://firebasehosting.googleapis.com/v1beta1/projects/-/sites/mi-tango-365/versions [none]
[debug] [2024-01-16T14:37:33.430Z] >>> [apiv2][body] POST https://firebasehosting.googleapis.com/v1beta1/projects/-/sites/mi-tango-365/versions {"status":"CREATED","labels":{"deployment-tool":"cli-firebase"}}
[debug] [2024-01-16T14:37:34.355Z] <<< [apiv2][status] POST https://firebasehosting.googleapis.com/v1beta1/projects/-/sites/mi-tango-365/versions 200
[debug] [2024-01-16T14:37:34.355Z] <<< [apiv2][body] POST https://firebasehosting.googleapis.com/v1beta1/projects/-/sites/mi-tango-365/versions {"name":"projects/956666689230/sites/mi-tango-365/versions/976823e01430b037","status":"CREATED","config":{},"labels":{"deployment-tool":"cli-firebase"}}
[info] i  hosting[mi-tango-365]: beginning deploy... 
[info] i  hosting[mi-tango-365]: found 7 files in public 
[debug] [2024-01-16T14:37:34.369Z] [hosting] uploading with 200 concurrency
[debug] [2024-01-16T14:37:34.387Z] [hosting] hash cache [cHVibGlj] stored for 7 files
[debug] [2024-01-16T14:37:34.387Z] [hosting][hash queue][FINAL] {"max":10,"min":1,"avg":3.142857142857143,"active":0,"complete":7,"success":7,"errored":0,"retried":0,"total":7,"elapsed":14}
[debug] [2024-01-16T14:37:34.388Z] >>> [apiv2][query] POST https://firebasehosting.googleapis.com/v1beta1/projects/956666689230/sites/mi-tango-365/versions/976823e01430b037:populateFiles [none]
[debug] [2024-01-16T14:37:34.388Z] >>> [apiv2][body] POST https://firebasehosting.googleapis.com/v1beta1/projects/956666689230/sites/mi-tango-365/versions/976823e01430b037:populateFiles {"files":{"/edit_profile.html":"cc92f6ccd85c444b93b4ddccaeefaaf07f63744eac6959677c2999d7e27907f0","/index.js":"b6bd8fbe68011a217bd26ffa996f1c4a1479cc8158f68af4f2d2c968fc578d5f","/login.html":"5b03525db14854c875fe9e47faf940778c541c6b1b3bbc011b048f6b6fd2bdb4","/me.html":"795c70b6a5d187f6afdd9c891ccf74c27c1b9c292d37a0e902246306998983f9","/new_milonga.html":"ca7c718f82c3679fdccc5202208640be9fa1f9bb8dc1360a216f14cd17cb06e7","/index.html":"08b97355a5b82903b85d3d874920bac573e56dac54d514a001a3632f9e15ca88","/style.css":"fc43a627d998f7be9095826d09b7ee41ce01cfb1466d02103497bbbcbb49562c"}}
[debug] [2024-01-16T14:37:34.814Z] <<< [apiv2][status] POST https://firebasehosting.googleapis.com/v1beta1/projects/956666689230/sites/mi-tango-365/versions/976823e01430b037:populateFiles 200
[debug] [2024-01-16T14:37:34.815Z] <<< [apiv2][body] POST https://firebasehosting.googleapis.com/v1beta1/projects/956666689230/sites/mi-tango-365/versions/976823e01430b037:populateFiles {"uploadRequiredHashes":["08b97355a5b82903b85d3d874920bac573e56dac54d514a001a3632f9e15ca88","fc43a627d998f7be9095826d09b7ee41ce01cfb1466d02103497bbbcbb49562c"],"uploadUrl":"https://upload-firebasehosting.googleapis.com/upload/sites/mi-tango-365/versions/976823e01430b037/files"}
[debug] [2024-01-16T14:37:34.815Z] >>> [apiv2][query] POST https://upload-firebasehosting.googleapis.com/upload/sites/mi-tango-365/versions/976823e01430b037/files/08b97355a5b82903b85d3d874920bac573e56dac54d514a001a3632f9e15ca88 [none]
[debug] [2024-01-16T14:37:34.816Z] >>> [apiv2][body] POST https://upload-firebasehosting.googleapis.com/upload/sites/mi-tango-365/versions/976823e01430b037/files/08b97355a5b82903b85d3d874920bac573e56dac54d514a001a3632f9e15ca88 [stream]
[debug] [2024-01-16T14:37:34.817Z] >>> [apiv2][query] POST https://upload-firebasehosting.googleapis.com/upload/sites/mi-tango-365/versions/976823e01430b037/files/fc43a627d998f7be9095826d09b7ee41ce01cfb1466d02103497bbbcbb49562c [none]
[debug] [2024-01-16T14:37:34.817Z] >>> [apiv2][body] POST https://upload-firebasehosting.googleapis.com/upload/sites/mi-tango-365/versions/976823e01430b037/files/fc43a627d998f7be9095826d09b7ee41ce01cfb1466d02103497bbbcbb49562c [stream]
[debug] [2024-01-16T14:37:34.818Z] [hosting][populate queue][FINAL] {"max":430,"min":430,"avg":430,"active":0,"complete":1,"success":1,"errored":0,"retried":0,"total":1,"elapsed":434}
[debug] [2024-01-16T14:37:34.818Z] [hosting] uploads queued: 2
